<?xml version="1.0" encoding="UTF-8"?>
<!-- Generated by org.testng.reporters.JUnitReportReporter -->
<testsuite hostname="LAPTOP-I1C33N4T" failures="0" tests="1" name="newProject.naukriProjectTest" time="15.858" errors="0" timestamp="2023-08-11T20:59:46 IST" skipped="0">
  <testcase classname="newProject.naukriProjectTest" name="resumeUpload" time="15.858"/>
  <system-out>
    <![CDATA[Resume is uploaded]]>
  </system-out>
</testsuite> <!-- newProject.naukriProjectTest -->
